<?xml version="1.0" encoding="UTF-8"?>
<!-- Generated by org.testng.reporters.JUnitReportReporter -->
<testsuite hostname="Nani" name="programsTestng.Amazontest" tests="3" failures="0" timestamp="16 Mar 2016 04:01:00 GMT" time="47.404" errors="0">
  <testcase name="f1" time="14.456" classname="programsTestng.Amazontest"/>
  <testcase name="f2" time="15.397" classname="programsTestng.Amazontest"/>
  <testcase name="f" time="17.551" classname="programsTestng.Amazontest"/>
</testsuite> <!-- programsTestng.Amazontest -->
