<?xml version="1.0" encoding="UTF-8"?>
<!-- Generated by org.testng.reporters.JUnitReportReporter -->
<testsuite hostname="Nani" name="sunitha.Diceerror" tests="2" failures="0" timestamp="17 Mar 2016 03:54:14 GMT" time="5.217" errors="0">
  <testcase name="test" time="4.161" classname="sunitha.Diceerror"/>
  <testcase name="test2" time="1.056" classname="sunitha.Diceerror"/>
</testsuite> <!-- sunitha.Diceerror -->
